<?xml version="1.0" encoding="UTF-8"?>
<testsuite xmlns:xsi="http://www.w3.org/2001/XMLSchema-instance" xsi:noNamespaceSchemaLocation="https://maven.apache.org/surefire/maven-surefire-plugin/xsd/surefire-test-report.xsd" name="SoftwareTestingUnitTests.TestPolygonShape" time="0.158" tests="67" errors="0" skipped="0" failures="12">
  <properties>
[...]
</properties>
  <testcase name="testGetNormals{Vec2[]}[1]" classname="SoftwareTestingUnitTests.TestPolygonShape" time="0"/>
  <testcase name="testSet{Vec2[], int}[1]" classname="SoftwareTestingUnitTests.TestPolygonShape" time="0.004"/>
  <testcase name="testSet{Vec2[], int}[2]" classname="SoftwareTestingUnitTests.TestPolygonShape" time="0.001"/>
  <testcase name="testSet{Vec2[], int}[3]" classname="SoftwareTestingUnitTests.TestPolygonShape" time="0.003">
    <failure message="expected: &lt;5&gt; but was: &lt;4&gt;" type="org.opentest4j.AssertionFailedError"><![CDATA[org.opentest4j.AssertionFailedError: expected: <5> but was: <4>
	at SoftwareTestingUnitTests.TestPolygonShape.testSet(TestPolygonShape.java:85)
]]></failure>
  </testcase>
  <testcase name="testSet{Vec2[], int}[4]" classname="SoftwareTestingUnitTests.TestPolygonShape" time="0.001"/>
  <testcase name="testSet{Vec2[], int}[5]" classname="SoftwareTestingUnitTests.TestPolygonShape" time="0.001">
    <failure type="java.lang.AssertionError">java.lang.AssertionError
	at SoftwareTestingUnitTests.TestPolygonShape.testSet(TestPolygonShape.java:84)
</failure>
  </testcase>
  <testcase name="testSet{Vec2[], int}[6]" classname="SoftwareTestingUnitTests.TestPolygonShape" time="0.001">
    <failure type="java.lang.AssertionError">java.lang.AssertionError
	at SoftwareTestingUnitTests.TestPolygonShape.testSet(TestPolygonShape.java:84)
</failure>
  </testcase>
  <testcase name="testSet{Vec2[], int}[7]" classname="SoftwareTestingUnitTests.TestPolygonShape" time="0.001">
    <failure message="expected: &lt;5&gt; but was: &lt;4&gt;" type="org.opentest4j.AssertionFailedError"><![CDATA[org.opentest4j.AssertionFailedError: expected: <5> but was: <4>
	at SoftwareTestingUnitTests.TestPolygonShape.testSet(TestPolygonShape.java:85)
]]></failure>
  </testcase>
  <testcase name="testSet{Vec2[], int}[8]" classname="SoftwareTestingUnitTests.TestPolygonShape" time="0"/>
  <testcase name="testSet{Vec2[], int}[9]" classname="SoftwareTestingUnitTests.TestPolygonShape" time="0.002">
    <failure message="expected: &lt;5&gt; but was: &lt;4&gt;" type="org.opentest4j.AssertionFailedError"><![CDATA[org.opentest4j.AssertionFailedError: expected: <5> but was: <4>
	at SoftwareTestingUnitTests.TestPolygonShape.testSet(TestPolygonShape.java:85)
]]></failure>
  </testcase>
  <testcase name="testGetChildCount" classname="SoftwareTestingUnitTests.TestPolygonShape" time="0.001"/>
  <testcase name="testCentroidToOut{Vec2[]}[1]" classname="SoftwareTestingUnitTests.TestPolygonShape" time="0"/>
  <testcase name="testValidate{Vec2[], boolean}[1]" classname="SoftwareTestingUnitTests.TestPolygonShape" time="0.001"/>
  <testcase name="testValidate{Vec2[], boolean}[2]" classname="SoftwareTestingUnitTests.TestPolygonShape" time="0.001">
    <failure message="expected: &lt;false&gt; but was: &lt;true&gt;" type="org.opentest4j.AssertionFailedError"><![CDATA[org.opentest4j.AssertionFailedError: expected: <false> but was: <true>
	at SoftwareTestingUnitTests.TestPolygonShape.testValidate(TestPolygonShape.java:443)
]]></failure>
    <system-out><![CDATA[[(2.0,0.0), (0.0,2.0), (0.0,0.0), (0.0,0.0), (0.0,0.0), (0.0,0.0), (0.0,0.0), (0.0,0.0)]
]]></system-out>
  </testcase>
  <testcase name="testGetVertices{Vec2[]}[1]" classname="SoftwareTestingUnitTests.TestPolygonShape" time="0.001"/>
  <testcase name="testTestPoint{Vec2[], int, Vec2, boolean}[1]" classname="SoftwareTestingUnitTests.TestPolygonShape" time="0.003"/>
  <testcase name="testTestPoint{Vec2[], int, Vec2, boolean}[2]" classname="SoftwareTestingUnitTests.TestPolygonShape" time="0.001"/>
  <testcase name="testTestPoint{Vec2[], int, Vec2, boolean}[3]" classname="SoftwareTestingUnitTests.TestPolygonShape" time="0.001"/>
  <testcase name="testComputeCentroidToOut{Vec2[], Vec2}[1]" classname="SoftwareTestingUnitTests.TestPolygonShape" time="0.002"/>
  <testcase name="testComputeCentroidToOut{Vec2[], Vec2}[2]" classname="SoftwareTestingUnitTests.TestPolygonShape" time="0"/>
  <testcase name="testComputeAABBTransform{Vec2[], int, float, float, float, float}[1]" classname="SoftwareTestingUnitTests.TestPolygonShape" time="0.003"/>
  <testcase name="testComputeAABBTransform{Vec2[], int, float, float, float, float}[2]" classname="SoftwareTestingUnitTests.TestPolygonShape" time="0.001"/>
  <testcase name="testComputeAABBTransform{Vec2[], int, float, float, float, float}[3]" classname="SoftwareTestingUnitTests.TestPolygonShape" time="0.001"/>
  <testcase name="testComputeAABB{Vec2[], int, float, float, float, float}[1]" classname="SoftwareTestingUnitTests.TestPolygonShape" time="0"/>
  <testcase name="testComputeAABB{Vec2[], int, float, float, float, float}[2]" classname="SoftwareTestingUnitTests.TestPolygonShape" time="0.001"/>
  <testcase name="testComputeMass{Vec2[], float, Vec2, float, float}[1]" classname="SoftwareTestingUnitTests.TestPolygonShape" time="0.003"/>
  <testcase name="testComputeMass{Vec2[], float, Vec2, float, float}[2]" classname="SoftwareTestingUnitTests.TestPolygonShape" time="0.001"/>
  <testcase name="testComputeMass{Vec2[], float, Vec2, float, float}[3]" classname="SoftwareTestingUnitTests.TestPolygonShape" time="0"/>
  <testcase name="testComputeMass{Vec2[], float, Vec2, float, float}[4]" classname="SoftwareTestingUnitTests.TestPolygonShape" time="0.001"/>
  <testcase name="testCloneProducesIdenticalObject" classname="SoftwareTestingUnitTests.TestPolygonShape" time="0"/>
  <testcase name="testCentroid{Vec2[], Vec2}[1]" classname="SoftwareTestingUnitTests.TestPolygonShape" time="0.001"/>
  <testcase name="testSetInvalid{Vec2[], int}[1]" classname="SoftwareTestingUnitTests.TestPolygonShape" time="0"/>
  <testcase name="testSetInvalid{Vec2[], int}[2]" classname="SoftwareTestingUnitTests.TestPolygonShape" time="0.001"/>
  <testcase name="testSetAsBoxArgsWithCenter{float, float, Vec2[]}[1]" classname="SoftwareTestingUnitTests.TestPolygonShape" time="0.003"/>
  <testcase name="testTestPointTransform{Vec2[], int, Vec2, boolean}[1]" classname="SoftwareTestingUnitTests.TestPolygonShape" time="0.001"/>
  <testcase name="testTestPointTransform{Vec2[], int, Vec2, boolean}[2]" classname="SoftwareTestingUnitTests.TestPolygonShape" time="0.001"/>
  <testcase name="testTestPointTransform{Vec2[], int, Vec2, boolean}[3]" classname="SoftwareTestingUnitTests.TestPolygonShape" time="0.001"/>
  <testcase name="testRaycast{Vec2[], Vec2, Vec2, boolean}[1]" classname="SoftwareTestingUnitTests.TestPolygonShape" time="0.004"/>
  <testcase name="testRaycast{Vec2[], Vec2, Vec2, boolean}[2]" classname="SoftwareTestingUnitTests.TestPolygonShape" time="0.001"/>
  <testcase name="testRaycast{Vec2[], Vec2, Vec2, boolean}[3]" classname="SoftwareTestingUnitTests.TestPolygonShape" time="0.004"/>
  <testcase name="testRaycast{Vec2[], Vec2, Vec2, boolean}[4]" classname="SoftwareTestingUnitTests.TestPolygonShape" time="0"/>
  <testcase name="testRaycast{Vec2[], Vec2, Vec2, boolean}[5]" classname="SoftwareTestingUnitTests.TestPolygonShape" time="0"/>
  <testcase name="testRaycast{Vec2[], Vec2, Vec2, boolean}[6]" classname="SoftwareTestingUnitTests.TestPolygonShape" time="0.001"/>
  <testcase name="testRaycast{Vec2[], Vec2, Vec2, boolean}[7]" classname="SoftwareTestingUnitTests.TestPolygonShape" time="0.001"/>
  <testcase name="testRaycast{Vec2[], Vec2, Vec2, boolean}[8]" classname="SoftwareTestingUnitTests.TestPolygonShape" time="0"/>
  <testcase name="testSetAsBox2{float, float, Vec2, float, Vec2[]}[1]" classname="SoftwareTestingUnitTests.TestPolygonShape" time="0.004"/>
  <testcase name="testSetAsBox2{float, float, Vec2, float, Vec2[]}[2]" classname="SoftwareTestingUnitTests.TestPolygonShape" time="0.001"/>
  <testcase name="testSetAsBox2{float, float, Vec2, float, Vec2[]}[3]" classname="SoftwareTestingUnitTests.TestPolygonShape" time="0"/>
  <testcase name="testSetAsBox2{float, float, Vec2, float, Vec2[]}[4]" classname="SoftwareTestingUnitTests.TestPolygonShape" time="0.001"/>
  <testcase name="testSetAsBox2{float, float, Vec2, float, Vec2[]}[5]" classname="SoftwareTestingUnitTests.TestPolygonShape" time="0.001"/>
  <testcase name="testInitialization" classname="SoftwareTestingUnitTests.TestPolygonShape" time="0"/>
  <testcase name="testCloneProducesDistinctObject" classname="SoftwareTestingUnitTests.TestPolygonShape" time="0"/>
  <testcase name="testGetVertexCount{Vec2[], int}[1]" classname="SoftwareTestingUnitTests.TestPolygonShape" time="0"/>
  <testcase name="testGetVertexCount{Vec2[], int}[2]" classname="SoftwareTestingUnitTests.TestPolygonShape" time="0.001"/>
  <testcase name="testGetVertexCount{Vec2[], int}[3]" classname="SoftwareTestingUnitTests.TestPolygonShape" time="0.001">
    <failure message="expected: &lt;5&gt; but was: &lt;4&gt;" type="org.opentest4j.AssertionFailedError"><![CDATA[org.opentest4j.AssertionFailedError: expected: <5> but was: <4>
	at SoftwareTestingUnitTests.TestPolygonShape.testGetVertexCount(TestPolygonShape.java:291)
]]></failure>
  </testcase>
  <testcase name="testGetVertexCount{Vec2[], int}[4]" classname="SoftwareTestingUnitTests.TestPolygonShape" time="0.001"/>
  <testcase name="testGetVertexCount{Vec2[], int}[5]" classname="SoftwareTestingUnitTests.TestPolygonShape" time="0.001">
    <failure type="java.lang.AssertionError">java.lang.AssertionError
	at SoftwareTestingUnitTests.TestPolygonShape.testGetVertexCount(TestPolygonShape.java:290)
</failure>
  </testcase>
  <testcase name="testGetVertexCount{Vec2[], int}[6]" classname="SoftwareTestingUnitTests.TestPolygonShape" time="0.001">
    <failure type="java.lang.AssertionError">java.lang.AssertionError
	at SoftwareTestingUnitTests.TestPolygonShape.testGetVertexCount(TestPolygonShape.java:290)
</failure>
  </testcase>
  <testcase name="testGetVertexCount{Vec2[], int}[7]" classname="SoftwareTestingUnitTests.TestPolygonShape" time="0.001">
    <failure message="expected: &lt;5&gt; but was: &lt;4&gt;" type="org.opentest4j.AssertionFailedError"><![CDATA[org.opentest4j.AssertionFailedError: expected: <5> but was: <4>
	at SoftwareTestingUnitTests.TestPolygonShape.testGetVertexCount(TestPolygonShape.java:291)
]]></failure>
  </testcase>
  <testcase name="testGetVertexCount{Vec2[], int}[8]" classname="SoftwareTestingUnitTests.TestPolygonShape" time="0.001"/>
  <testcase name="testGetVertexCount{Vec2[], int}[9]" classname="SoftwareTestingUnitTests.TestPolygonShape" time="0.001">
    <failure message="expected: &lt;5&gt; but was: &lt;4&gt;" type="org.opentest4j.AssertionFailedError"><![CDATA[org.opentest4j.AssertionFailedError: expected: <5> but was: <4>
	at SoftwareTestingUnitTests.TestPolygonShape.testGetVertexCount(TestPolygonShape.java:291)
]]></failure>
  </testcase>
  <testcase name="testGetVertex{Vec2[], int, int}[1]" classname="SoftwareTestingUnitTests.TestPolygonShape" time="0.003">
    <failure type="java.lang.AssertionError">java.lang.AssertionError
	at SoftwareTestingUnitTests.TestPolygonShape.testGetVertex(TestPolygonShape.java:310)
</failure>
  </testcase>
  <testcase name="testGetVertex{Vec2[], int, int}[2]" classname="SoftwareTestingUnitTests.TestPolygonShape" time="0"/>
  <testcase name="testGetVertex{Vec2[], int, int}[3]" classname="SoftwareTestingUnitTests.TestPolygonShape" time="0.001"/>
  <testcase name="testRaycastTransform{Vec2[], Vec2, Vec2, boolean, float, float}[1]" classname="SoftwareTestingUnitTests.TestPolygonShape" time="0.003"/>
  <testcase name="testRaycastTransform{Vec2[], Vec2, Vec2, boolean, float, float}[2]" classname="SoftwareTestingUnitTests.TestPolygonShape" time="0.001"/>
  <testcase name="testSetAsBox{float, float, Vec2[]}[1]" classname="SoftwareTestingUnitTests.TestPolygonShape" time="0"/>
</testsuite>