-------------------------------------------------------------------------------
Test set: SoftwareTestingUnitTests.TestPolygonShape
-------------------------------------------------------------------------------
Tests run: 67, Failures: 12, Errors: 0, Skipped: 0, Time elapsed: 0.158 s <<< FAILURE! - in SoftwareTestingUnitTests.TestPolygonShape
testSet{Vec2[], int}[3]  Time elapsed: 0.003 s  <<< FAILURE!
org.opentest4j.AssertionFailedError: expected: <5> but was: <4>
	at SoftwareTestingUnitTests.TestPolygonShape.testSet(TestPolygonShape.java:85)

testSet{Vec2[], int}[5]  Time elapsed: 0.001 s  <<< FAILURE!
java.lang.AssertionError
	at SoftwareTestingUnitTests.TestPolygonShape.testSet(TestPolygonShape.java:84)

testSet{Vec2[], int}[6]  Time elapsed: 0.001 s  <<< FAILURE!
java.lang.AssertionError
	at SoftwareTestingUnitTests.TestPolygonShape.testSet(TestPolygonShape.java:84)

testSet{Vec2[], int}[7]  Time elapsed: 0.001 s  <<< FAILURE!
org.opentest4j.AssertionFailedError: expected: <5> but was: <4>
	at SoftwareTestingUnitTests.TestPolygonShape.testSet(TestPolygonShape.java:85)

testSet{Vec2[], int}[9]  Time elapsed: 0.002 s  <<< FAILURE!
org.opentest4j.AssertionFailedError: expected: <5> but was: <4>
	at SoftwareTestingUnitTests.TestPolygonShape.testSet(TestPolygonShape.java:85)

testValidate{Vec2[], boolean}[2]  Time elapsed: 0.001 s  <<< FAILURE!
org.opentest4j.AssertionFailedError: expected: <false> but was: <true>
	at SoftwareTestingUnitTests.TestPolygonShape.testValidate(TestPolygonShape.java:443)

testGetVertexCount{Vec2[], int}[3]  Time elapsed: 0.001 s  <<< FAILURE!
org.opentest4j.AssertionFailedError: expected: <5> but was: <4>
	at SoftwareTestingUnitTests.TestPolygonShape.testGetVertexCount(TestPolygonShape.java:291)

testGetVertexCount{Vec2[], int}[5]  Time elapsed: 0.001 s  <<< FAILURE!
java.lang.AssertionError
	at SoftwareTestingUnitTests.TestPolygonShape.testGetVertexCount(TestPolygonShape.java:290)

testGetVertexCount{Vec2[], int}[6]  Time elapsed: 0.001 s  <<< FAILURE!
java.lang.AssertionError
	at SoftwareTestingUnitTests.TestPolygonShape.testGetVertexCount(TestPolygonShape.java:290)

testGetVertexCount{Vec2[], int}[7]  Time elapsed: 0.001 s  <<< FAILURE!
org.opentest4j.AssertionFailedError: expected: <5> but was: <4>
	at SoftwareTestingUnitTests.TestPolygonShape.testGetVertexCount(TestPolygonShape.java:291)

testGetVertexCount{Vec2[], int}[9]  Time elapsed: 0.001 s  <<< FAILURE!
org.opentest4j.AssertionFailedError: expected: <5> but was: <4>
	at SoftwareTestingUnitTests.TestPolygonShape.testGetVertexCount(TestPolygonShape.java:291)

testGetVertex{Vec2[], int, int}[1]  Time elapsed: 0.003 s  <<< FAILURE!
java.lang.AssertionError
	at SoftwareTestingUnitTests.TestPolygonShape.testGetVertex(TestPolygonShape.java:310)

