<?xml version="1.0" encoding="UTF-8"?>
<testsuite xmlns:xsi="http://www.w3.org/2001/XMLSchema-instance" xsi:noNamespaceSchemaLocation="https://maven.apache.org/surefire/maven-surefire-plugin/xsd/surefire-test-report.xsd" name="SoftwareTestingUnitTests.TestChainShape" time="0.127" tests="41" errors="0" skipped="0" failures="9">
  <properties>
    <property name="java.specification.version" value="21"/>
    <property name="sun.jnu.encoding" value="UTF-8"/>
    <property name="java.class.path" value="/Users/jacob/Desktop/software_testing_debugging/clever-manticore/jbox2d-library/target/test-classes:/Users/jacob/Desktop/software_testing_debugging/clever-manticore/jbox2d-library/target/classes:/Users/jacob/.m2/repository/junit/junit/4.8.2/junit-4.8.2.jar:/Users/jacob/.m2/repository/org/junit/jupiter/junit-jupiter/5.11.0-M1/junit-jupiter-5.11.0-M1.jar:/Users/jacob/.m2/repository/org/junit/jupiter/junit-jupiter-api/5.11.0-M1/junit-jupiter-api-5.11.0-M1.jar:/Users/jacob/.m2/repository/org/opentest4j/opentest4j/1.3.0/opentest4j-1.3.0.jar:/Users/jacob/.m2/repository/org/junit/platform/junit-platform-commons/1.11.0-M1/junit-platform-commons-1.11.0-M1.jar:/Users/jacob/.m2/repository/org/apiguardian/apiguardian-api/1.1.2/apiguardian-api-1.1.2.jar:/Users/jacob/.m2/repository/org/junit/jupiter/junit-jupiter-params/5.11.0-M1/junit-jupiter-params-5.11.0-M1.jar:/Users/jacob/.m2/repository/org/junit/jupiter/junit-jupiter-engine/5.11.0-M1/junit-jupiter-engine-5.11.0-M1.jar:/Users/jacob/.m2/repository/org/junit/platform/junit-platform-engine/1.11.0-M1/junit-platform-engine-1.11.0-M1.jar:"/>
    <property name="java.vm.vendor" value="Homebrew"/>
    <property name="sun.arch.data.model" value="64"/>
    <property name="java.vendor.url" value="https://github.com/Homebrew/homebrew-core/issues"/>
    <property name="os.name" value="Mac OS X"/>
    <property name="java.vm.specification.version" value="21"/>
    <property name="sun.java.launcher" value="SUN_STANDARD"/>
    <property name="user.country" value="US"/>
    <property name="sun.boot.library.path" value="/usr/local/Cellar/openjdk/21.0.2/libexec/openjdk.jdk/Contents/Home/lib"/>
    <property name="sun.java.command" value="/Users/jacob/Desktop/software_testing_debugging/clever-manticore/jbox2d-library/target/surefire/surefirebooter16795245020422811836.jar /Users/jacob/Desktop/software_testing_debugging/clever-manticore/jbox2d-library/target/surefire 2024-04-23T19-04-46_172-jvmRun1 surefire16132403002998951143tmp surefire_0647766459816529912tmp"/>
    <property name="http.nonProxyHosts" value="local|*.local|169.254/16|*.169.254/16"/>
    <property name="jdk.debug" value="release"/>
    <property name="surefire.test.class.path" value="/Users/jacob/Desktop/software_testing_debugging/clever-manticore/jbox2d-library/target/test-classes:/Users/jacob/Desktop/software_testing_debugging/clever-manticore/jbox2d-library/target/classes:/Users/jacob/.m2/repository/junit/junit/4.8.2/junit-4.8.2.jar:/Users/jacob/.m2/repository/org/junit/jupiter/junit-jupiter/5.11.0-M1/junit-jupiter-5.11.0-M1.jar:/Users/jacob/.m2/repository/org/junit/jupiter/junit-jupiter-api/5.11.0-M1/junit-jupiter-api-5.11.0-M1.jar:/Users/jacob/.m2/repository/org/opentest4j/opentest4j/1.3.0/opentest4j-1.3.0.jar:/Users/jacob/.m2/repository/org/junit/platform/junit-platform-commons/1.11.0-M1/junit-platform-commons-1.11.0-M1.jar:/Users/jacob/.m2/repository/org/apiguardian/apiguardian-api/1.1.2/apiguardian-api-1.1.2.jar:/Users/jacob/.m2/repository/org/junit/jupiter/junit-jupiter-params/5.11.0-M1/junit-jupiter-params-5.11.0-M1.jar:/Users/jacob/.m2/repository/org/junit/jupiter/junit-jupiter-engine/5.11.0-M1/junit-jupiter-engine-5.11.0-M1.jar:/Users/jacob/.m2/repository/org/junit/platform/junit-platform-engine/1.11.0-M1/junit-platform-engine-1.11.0-M1.jar:"/>
    <property name="sun.cpu.endian" value="little"/>
    <property name="user.home" value="/Users/jacob"/>
    <property name="user.language" value="en"/>
    <property name="java.specification.vendor" value="Oracle Corporation"/>
    <property name="java.version.date" value="2024-01-16"/>
    <property name="java.home" value="/usr/local/Cellar/openjdk/21.0.2/libexec/openjdk.jdk/Contents/Home"/>
    <property name="file.separator" value="/"/>
    <property name="basedir" value="/Users/jacob/Desktop/software_testing_debugging/clever-manticore/jbox2d-library"/>
    <property name="java.vm.compressedOopsMode" value="Zero based"/>
    <property name="line.separator" value="&#10;"/>
    <property name="java.vm.specification.vendor" value="Oracle Corporation"/>
    <property name="java.specification.name" value="Java Platform API Specification"/>
    <property name="apple.awt.application.name" value="ForkedBooter"/>
    <property name="surefire.real.class.path" value="/Users/jacob/Desktop/software_testing_debugging/clever-manticore/jbox2d-library/target/surefire/surefirebooter16795245020422811836.jar"/>
    <property name="sun.management.compiler" value="HotSpot 64-Bit Tiered Compilers"/>
    <property name="ftp.nonProxyHosts" value="local|*.local|169.254/16|*.169.254/16"/>
    <property name="java.runtime.version" value="21.0.2"/>
    <property name="user.name" value="jacob"/>
    <property name="stdout.encoding" value="UTF-8"/>
    <property name="path.separator" value=":"/>
    <property name="os.version" value="13.6.1"/>
    <property name="java.runtime.name" value="OpenJDK Runtime Environment"/>
    <property name="file.encoding" value="UTF-8"/>
    <property name="java.vm.name" value="OpenJDK 64-Bit Server VM"/>
    <property name="java.vendor.version" value="Homebrew"/>
    <property name="localRepository" value="/Users/jacob/.m2/repository"/>
    <property name="java.vendor.url.bug" value="https://github.com/Homebrew/homebrew-core/issues"/>
    <property name="java.io.tmpdir" value="/var/folders/55/w0grjd6x5p79__93qt7jh79r0000gn/T/"/>
    <property name="java.version" value="21.0.2"/>
    <property name="user.dir" value="/Users/jacob/Desktop/software_testing_debugging/clever-manticore/jbox2d-library"/>
    <property name="os.arch" value="x86_64"/>
    <property name="java.vm.specification.name" value="Java Virtual Machine Specification"/>
    <property name="native.encoding" value="UTF-8"/>
    <property name="java.library.path" value="/Users/jacob/Library/Java/Extensions:/Library/Java/Extensions:/Network/Library/Java/Extensions:/System/Library/Java/Extensions:/usr/lib/java:."/>
    <property name="java.vm.info" value="mixed mode, sharing"/>
    <property name="stderr.encoding" value="UTF-8"/>
    <property name="java.vendor" value="Homebrew"/>
    <property name="java.vm.version" value="21.0.2"/>
    <property name="sun.io.unicode.encoding" value="UnicodeBig"/>
    <property name="socksNonProxyHosts" value="local|*.local|169.254/16|*.169.254/16"/>
    <property name="java.class.version" value="65.0"/>
    <property name="maven.test.failure.ignore" value="true"/>
  </properties>
  <testcase name="testChainGetRadius{int}[1]" classname="SoftwareTestingUnitTests.TestChainShape" time="0"/>
  <testcase name="testChainGetRadius{int}[2]" classname="SoftwareTestingUnitTests.TestChainShape" time="0"/>
  <testcase name="testChainGetRadius{int}[3]" classname="SoftwareTestingUnitTests.TestChainShape" time="0"/>
  <testcase name="testCreateLoopFromEmptyVertices" classname="SoftwareTestingUnitTests.TestChainShape" time="0.001"/>
  <testcase name="testGetChildEdgeChildfullChain" classname="SoftwareTestingUnitTests.TestChainShape" time="0"/>
  <testcase name="testCreateChainEdgeCountEqualtoVecCount" classname="SoftwareTestingUnitTests.TestChainShape" time="0"/>
  <testcase name="testNewChainNoChildren" classname="SoftwareTestingUnitTests.TestChainShape" time="0">
    <failure message="expected: &lt;0&gt; but was: &lt;-1&gt;" type="org.opentest4j.AssertionFailedError"><![CDATA[org.opentest4j.AssertionFailedError: expected: <0> but was: <-1>
	at SoftwareTestingUnitTests.TestChainShape.testNewChainNoChildren(TestChainShape.java:76)
]]></failure>
  </testcase>
  <testcase name="testCreateChainRepeatingVecs" classname="SoftwareTestingUnitTests.TestChainShape" time="0"/>
  <testcase name="testRaycastLastChild" classname="SoftwareTestingUnitTests.TestChainShape" time="0.001"/>
  <testcase name="testComputeAABBValidIndices" classname="SoftwareTestingUnitTests.TestChainShape" time="0.001">
    <failure message="expected: &lt;false&gt; but was: &lt;true&gt;" type="org.opentest4j.AssertionFailedError"><![CDATA[org.opentest4j.AssertionFailedError: expected: <false> but was: <true>
	at SoftwareTestingUnitTests.TestChainShape.testComputeAABBValidIndices(TestChainShape.java:304)
]]></failure>
  </testcase>
  <testcase name="testChainMyType" classname="SoftwareTestingUnitTests.TestChainShape" time="0"/>
  <testcase name="testGetChildEdgeChildChain" classname="SoftwareTestingUnitTests.TestChainShape" time="0.001"/>
  <testcase name="testCloneOfNonEmptyChain" classname="SoftwareTestingUnitTests.TestChainShape" time="0.001">
    <failure type="java.lang.AssertionError">java.lang.AssertionError
	at SoftwareTestingUnitTests.TestChainShape.testCloneOfNonEmptyChain(TestChainShape.java:178)
</failure>
  </testcase>
  <testcase name="testCloneOfEmptyChain" classname="SoftwareTestingUnitTests.TestChainShape" time="0.001">
    <failure type="java.lang.AssertionError">java.lang.AssertionError
	at SoftwareTestingUnitTests.TestChainShape.testCloneOfEmptyChain(TestChainShape.java:163)
</failure>
  </testcase>
  <testcase name="testComputeAABB" classname="SoftwareTestingUnitTests.TestChainShape" time="0.001">
    <failure type="java.lang.AssertionError">java.lang.AssertionError
	at SoftwareTestingUnitTests.TestChainShape.testComputeAABB(TestChainShape.java:287)
</failure>
  </testcase>
  <testcase name="testComputeMass" classname="SoftwareTestingUnitTests.TestChainShape" time="0"/>
  <testcase name="testCreateLoopFails" classname="SoftwareTestingUnitTests.TestChainShape" time="0.002"/>
  <testcase name="testPointAlwaysFalse" classname="SoftwareTestingUnitTests.TestChainShape" time="0.001"/>
  <testcase name="testComputeAABBPoint" classname="SoftwareTestingUnitTests.TestChainShape" time="0.003"/>
  <testcase name="testChainGetType" classname="SoftwareTestingUnitTests.TestChainShape" time="0"/>
  <testcase name="testGetChildEdgeChain2" classname="SoftwareTestingUnitTests.TestChainShape" time="0.002"/>
  <testcase name="testGetChildEdgeChain3" classname="SoftwareTestingUnitTests.TestChainShape" time="0.001"/>
  <testcase name="testCreateLoop" classname="SoftwareTestingUnitTests.TestChainShape" time="0.001"/>
  <testcase name="testCreateChainRegular" classname="SoftwareTestingUnitTests.TestChainShape" time="0.002"/>
  <testcase name="testCreateLoopException" classname="SoftwareTestingUnitTests.TestChainShape" time="0.001"/>
  <testcase name="testComputeAABBPartitions" classname="SoftwareTestingUnitTests.TestChainShape" time="0.002">
    <failure message="Expected java.lang.NullPointerException to be thrown, but nothing was thrown." type="org.opentest4j.AssertionFailedError">org.opentest4j.AssertionFailedError: Expected java.lang.NullPointerException to be thrown, but nothing was thrown.
	at SoftwareTestingUnitTests.TestChainShape.testComputeAABBPartitions(TestChainShape.java:271)
</failure>
  </testcase>
  <testcase name="testRaycastNotChildIndex" classname="SoftwareTestingUnitTests.TestChainShape" time="0.002">
    <failure message="Unexpected exception type thrown, expected: &lt;java.lang.NullPointerException&gt; but was: &lt;org.opentest4j.AssertionFailedError&gt;" type="org.opentest4j.AssertionFailedError"><![CDATA[org.opentest4j.AssertionFailedError: Unexpected exception type thrown, expected: <java.lang.NullPointerException> but was: <org.opentest4j.AssertionFailedError>
	at SoftwareTestingUnitTests.TestChainShape.testRaycastNotChildIndex(TestChainShape.java:215)
Caused by: org.opentest4j.AssertionFailedError: expected: <true> but was: <false>
	at SoftwareTestingUnitTests.TestChainShape.lambda$testRaycastNotChildIndex$3(TestChainShape.java:216)
	at SoftwareTestingUnitTests.TestChainShape.testRaycastNotChildIndex(TestChainShape.java:215)
]]></failure>
  </testcase>
  <testcase name="testSetNextVertex" classname="SoftwareTestingUnitTests.TestChainShape" time="0.001"/>
  <testcase name="testGetChildrenCountMut_ReturnZero" classname="SoftwareTestingUnitTests.TestChainShape" time="0.003"/>
  <testcase name="testGetChildEdgeNoChildChain" classname="SoftwareTestingUnitTests.TestChainShape" time="0.001">
    <failure type="java.lang.AssertionError">java.lang.AssertionError
	at SoftwareTestingUnitTests.TestChainShape.testGetChildEdgeNoChildChain(TestChainShape.java:82)
</failure>
  </testcase>
  <testcase name="testComputeMassCenter" classname="SoftwareTestingUnitTests.TestChainShape" time="0"/>
  <testcase name="testModifiedCloneWithBetterCount" classname="SoftwareTestingUnitTests.TestChainShape" time="0.001"/>
  <testcase name="testGetChildrenCountMut_SubtractionIsAddition" classname="SoftwareTestingUnitTests.TestChainShape" time="0"/>
  <testcase name="testSetPrevVertex" classname="SoftwareTestingUnitTests.TestChainShape" time="0.001"/>
  <testcase name="testComputeAABBPoint2" classname="SoftwareTestingUnitTests.TestChainShape" time="0.074"/>
  <testcase name="testChainConstructorNoVertices" classname="SoftwareTestingUnitTests.TestChainShape" time="0"/>
  <testcase name="testCreateChainPartitions" classname="SoftwareTestingUnitTests.TestChainShape" time="0.01">
    <failure message="Unexpected exception type thrown, expected: &lt;java.lang.AssertionError&gt; but was: &lt;java.lang.NullPointerException&gt;" type="org.opentest4j.AssertionFailedError"><![CDATA[org.opentest4j.AssertionFailedError: Unexpected exception type thrown, expected: <java.lang.AssertionError> but was: <java.lang.NullPointerException>
	at SoftwareTestingUnitTests.TestChainShape.testCreateChainPartitions(TestChainShape.java:447)
Caused by: java.lang.NullPointerException: Cannot load from object array because "vertices" is null
	at SoftwareTestingUnitTests.TestChainShape.lambda$testCreateChainPartitions$16(TestChainShape.java:448)
	at SoftwareTestingUnitTests.TestChainShape.testCreateChainPartitions(TestChainShape.java:447)
]]></failure>
  </testcase>
  <testcase name="testCreateChain2" classname="SoftwareTestingUnitTests.TestChainShape" time="0"/>
  <testcase name="testChainSetRadius{int}[1]" classname="SoftwareTestingUnitTests.TestChainShape" time="0"/>
  <testcase name="testChainSetRadius{int}[2]" classname="SoftwareTestingUnitTests.TestChainShape" time="0"/>
  <testcase name="testChainSetRadius{int}[3]" classname="SoftwareTestingUnitTests.TestChainShape" time="0"/>
</testsuite>