<?xml version="1.0" encoding="UTF-8"?>
<testsuite xmlns:xsi="http://www.w3.org/2001/XMLSchema-instance" xsi:noNamespaceSchemaLocation="https://maven.apache.org/surefire/maven-surefire-plugin/xsd/surefire-test-report.xsd" name="SoftwareTestingUnitTests.TestChainShape" time="0.127" tests="41" errors="0" skipped="0" failures="9">
  <properties>
[...]
</properties>
  <testcase name="testChainGetRadius{int}[1]" classname="SoftwareTestingUnitTests.TestChainShape" time="0"/>
  <testcase name="testChainGetRadius{int}[2]" classname="SoftwareTestingUnitTests.TestChainShape" time="0"/>
  <testcase name="testChainGetRadius{int}[3]" classname="SoftwareTestingUnitTests.TestChainShape" time="0"/>
  <testcase name="testCreateLoopFromEmptyVertices" classname="SoftwareTestingUnitTests.TestChainShape" time="0.001"/>
  <testcase name="testGetChildEdgeChildfullChain" classname="SoftwareTestingUnitTests.TestChainShape" time="0"/>
  <testcase name="testCreateChainEdgeCountEqualtoVecCount" classname="SoftwareTestingUnitTests.TestChainShape" time="0"/>
  <testcase name="testNewChainNoChildren" classname="SoftwareTestingUnitTests.TestChainShape" time="0">
    <failure message="expected: &lt;0&gt; but was: &lt;-1&gt;" type="org.opentest4j.AssertionFailedError"><![CDATA[org.opentest4j.AssertionFailedError: expected: <0> but was: <-1>
	at SoftwareTestingUnitTests.TestChainShape.testNewChainNoChildren(TestChainShape.java:76)
]]></failure>
  </testcase>
  <testcase name="testCreateChainRepeatingVecs" classname="SoftwareTestingUnitTests.TestChainShape" time="0"/>
  <testcase name="testRaycastLastChild" classname="SoftwareTestingUnitTests.TestChainShape" time="0.001"/>
  <testcase name="testComputeAABBValidIndices" classname="SoftwareTestingUnitTests.TestChainShape" time="0.001">
    <failure message="expected: &lt;false&gt; but was: &lt;true&gt;" type="org.opentest4j.AssertionFailedError"><![CDATA[org.opentest4j.AssertionFailedError: expected: <false> but was: <true>
	at SoftwareTestingUnitTests.TestChainShape.testComputeAABBValidIndices(TestChainShape.java:304)
]]></failure>
  </testcase>
  <testcase name="testChainMyType" classname="SoftwareTestingUnitTests.TestChainShape" time="0"/>
  <testcase name="testGetChildEdgeChildChain" classname="SoftwareTestingUnitTests.TestChainShape" time="0.001"/>
  <testcase name="testCloneOfNonEmptyChain" classname="SoftwareTestingUnitTests.TestChainShape" time="0.001">
    <failure type="java.lang.AssertionError">java.lang.AssertionError
	at SoftwareTestingUnitTests.TestChainShape.testCloneOfNonEmptyChain(TestChainShape.java:178)
</failure>
  </testcase>
  <testcase name="testCloneOfEmptyChain" classname="SoftwareTestingUnitTests.TestChainShape" time="0.001">
    <failure type="java.lang.AssertionError">java.lang.AssertionError
	at SoftwareTestingUnitTests.TestChainShape.testCloneOfEmptyChain(TestChainShape.java:163)
</failure>
  </testcase>
  <testcase name="testComputeAABB" classname="SoftwareTestingUnitTests.TestChainShape" time="0.001">
    <failure type="java.lang.AssertionError">java.lang.AssertionError
	at SoftwareTestingUnitTests.TestChainShape.testComputeAABB(TestChainShape.java:287)
</failure>
  </testcase>
  <testcase name="testComputeMass" classname="SoftwareTestingUnitTests.TestChainShape" time="0"/>
  <testcase name="testCreateLoopFails" classname="SoftwareTestingUnitTests.TestChainShape" time="0.002"/>
  <testcase name="testPointAlwaysFalse" classname="SoftwareTestingUnitTests.TestChainShape" time="0.001"/>
  <testcase name="testComputeAABBPoint" classname="SoftwareTestingUnitTests.TestChainShape" time="0.003"/>
  <testcase name="testChainGetType" classname="SoftwareTestingUnitTests.TestChainShape" time="0"/>
  <testcase name="testGetChildEdgeChain2" classname="SoftwareTestingUnitTests.TestChainShape" time="0.002"/>
  <testcase name="testGetChildEdgeChain3" classname="SoftwareTestingUnitTests.TestChainShape" time="0.001"/>
  <testcase name="testCreateLoop" classname="SoftwareTestingUnitTests.TestChainShape" time="0.001"/>
  <testcase name="testCreateChainRegular" classname="SoftwareTestingUnitTests.TestChainShape" time="0.002"/>
  <testcase name="testCreateLoopException" classname="SoftwareTestingUnitTests.TestChainShape" time="0.001"/>
  <testcase name="testComputeAABBPartitions" classname="SoftwareTestingUnitTests.TestChainShape" time="0.002">
    <failure message="Expected java.lang.NullPointerException to be thrown, but nothing was thrown." type="org.opentest4j.AssertionFailedError">org.opentest4j.AssertionFailedError: Expected java.lang.NullPointerException to be thrown, but nothing was thrown.
	at SoftwareTestingUnitTests.TestChainShape.testComputeAABBPartitions(TestChainShape.java:271)
</failure>
  </testcase>
  <testcase name="testRaycastNotChildIndex" classname="SoftwareTestingUnitTests.TestChainShape" time="0.002">
    <failure message="Unexpected exception type thrown, expected: &lt;java.lang.NullPointerException&gt; but was: &lt;org.opentest4j.AssertionFailedError&gt;" type="org.opentest4j.AssertionFailedError"><![CDATA[org.opentest4j.AssertionFailedError: Unexpected exception type thrown, expected: <java.lang.NullPointerException> but was: <org.opentest4j.AssertionFailedError>
	at SoftwareTestingUnitTests.TestChainShape.testRaycastNotChildIndex(TestChainShape.java:215)
Caused by: org.opentest4j.AssertionFailedError: expected: <true> but was: <false>
	at SoftwareTestingUnitTests.TestChainShape.lambda$testRaycastNotChildIndex$3(TestChainShape.java:216)
	at SoftwareTestingUnitTests.TestChainShape.testRaycastNotChildIndex(TestChainShape.java:215)
]]></failure>
  </testcase>
  <testcase name="testSetNextVertex" classname="SoftwareTestingUnitTests.TestChainShape" time="0.001"/>
  <testcase name="testGetChildrenCountMut_ReturnZero" classname="SoftwareTestingUnitTests.TestChainShape" time="0.003"/>
  <testcase name="testGetChildEdgeNoChildChain" classname="SoftwareTestingUnitTests.TestChainShape" time="0.001">
    <failure type="java.lang.AssertionError">java.lang.AssertionError
	at SoftwareTestingUnitTests.TestChainShape.testGetChildEdgeNoChildChain(TestChainShape.java:82)
</failure>
  </testcase>
  <testcase name="testComputeMassCenter" classname="SoftwareTestingUnitTests.TestChainShape" time="0"/>
  <testcase name="testModifiedCloneWithBetterCount" classname="SoftwareTestingUnitTests.TestChainShape" time="0.001"/>
  <testcase name="testGetChildrenCountMut_SubtractionIsAddition" classname="SoftwareTestingUnitTests.TestChainShape" time="0"/>
  <testcase name="testSetPrevVertex" classname="SoftwareTestingUnitTests.TestChainShape" time="0.001"/>
  <testcase name="testComputeAABBPoint2" classname="SoftwareTestingUnitTests.TestChainShape" time="0.074"/>
  <testcase name="testChainConstructorNoVertices" classname="SoftwareTestingUnitTests.TestChainShape" time="0"/>
  <testcase name="testCreateChainPartitions" classname="SoftwareTestingUnitTests.TestChainShape" time="0.01">
    <failure message="Unexpected exception type thrown, expected: &lt;java.lang.AssertionError&gt; but was: &lt;java.lang.NullPointerException&gt;" type="org.opentest4j.AssertionFailedError"><![CDATA[org.opentest4j.AssertionFailedError: Unexpected exception type thrown, expected: <java.lang.AssertionError> but was: <java.lang.NullPointerException>
	at SoftwareTestingUnitTests.TestChainShape.testCreateChainPartitions(TestChainShape.java:447)
Caused by: java.lang.NullPointerException: Cannot load from object array because "vertices" is null
	at SoftwareTestingUnitTests.TestChainShape.lambda$testCreateChainPartitions$16(TestChainShape.java:448)
	at SoftwareTestingUnitTests.TestChainShape.testCreateChainPartitions(TestChainShape.java:447)
]]></failure>
  </testcase>
  <testcase name="testCreateChain2" classname="SoftwareTestingUnitTests.TestChainShape" time="0"/>
  <testcase name="testChainSetRadius{int}[1]" classname="SoftwareTestingUnitTests.TestChainShape" time="0"/>
  <testcase name="testChainSetRadius{int}[2]" classname="SoftwareTestingUnitTests.TestChainShape" time="0"/>
  <testcase name="testChainSetRadius{int}[3]" classname="SoftwareTestingUnitTests.TestChainShape" time="0"/>
</testsuite>