<?xml version="1.0" encoding="UTF-8"?>
<testsuite xmlns:xsi="http://www.w3.org/2001/XMLSchema-instance" xsi:noNamespaceSchemaLocation="https://maven.apache.org/surefire/maven-surefire-plugin/xsd/surefire-test-report.xsd" name="SoftwareTestingUnitTests.TestCircleShape" time="0.141" tests="37" errors="0" skipped="0" failures="6">
  <properties>
[...]
</properties>
  <testcase name="testRaycastTransformFalse" classname="SoftwareTestingUnitTests.TestCircleShape" time="0"/>
  <testcase name="testGetSupport" classname="SoftwareTestingUnitTests.TestCircleShape" time="0"/>
  <testcase name="testGetChildCount" classname="SoftwareTestingUnitTests.TestCircleShape" time="0"/>
  <testcase name="testRaycastTransformTrue" classname="SoftwareTestingUnitTests.TestCircleShape" time="0"/>
  <testcase name="testCloneProducesIdenticalCircle" classname="SoftwareTestingUnitTests.TestCircleShape" time="0"/>
  <testcase name="testTestPoint{float, Vec2, boolean}[1]" classname="SoftwareTestingUnitTests.TestCircleShape" time="0.005"/>
  <testcase name="testTestPoint{float, Vec2, boolean}[2]" classname="SoftwareTestingUnitTests.TestCircleShape" time="0.026">
    <failure message="expected: &lt;true&gt; but was: &lt;false&gt;" type="org.opentest4j.AssertionFailedError"><![CDATA[org.opentest4j.AssertionFailedError: expected: <true> but was: <false>
	at SoftwareTestingUnitTests.TestCircleShape.testTestPoint(TestCircleShape.java:112)
]]></failure>
  </testcase>
  <testcase name="testTestPoint{float, Vec2, boolean}[3]" classname="SoftwareTestingUnitTests.TestCircleShape" time="0.001"/>
  <testcase name="testTestPoint{float, Vec2, boolean}[4]" classname="SoftwareTestingUnitTests.TestCircleShape" time="0"/>
  <testcase name="testTestPoint{float, Vec2, boolean}[5]" classname="SoftwareTestingUnitTests.TestCircleShape" time="0.001"/>
  <testcase name="testTestPoint{float, Vec2, boolean}[6]" classname="SoftwareTestingUnitTests.TestCircleShape" time="0.002">
    <failure message="expected: &lt;false&gt; but was: &lt;true&gt;" type="org.opentest4j.AssertionFailedError"><![CDATA[org.opentest4j.AssertionFailedError: expected: <false> but was: <true>
	at SoftwareTestingUnitTests.TestCircleShape.testTestPoint(TestCircleShape.java:112)
]]></failure>
  </testcase>
  <testcase name="testTestPoint{float, Vec2, boolean}[7]" classname="SoftwareTestingUnitTests.TestCircleShape" time="0.001">
    <failure message="expected: &lt;false&gt; but was: &lt;true&gt;" type="org.opentest4j.AssertionFailedError"><![CDATA[org.opentest4j.AssertionFailedError: expected: <false> but was: <true>
	at SoftwareTestingUnitTests.TestCircleShape.testTestPoint(TestCircleShape.java:112)
]]></failure>
  </testcase>
  <testcase name="testTestPoint{float, Vec2, boolean}[8]" classname="SoftwareTestingUnitTests.TestCircleShape" time="0.001"/>
  <testcase name="testTestPoint{float, Vec2, boolean}[9]" classname="SoftwareTestingUnitTests.TestCircleShape" time="0.001"/>
  <testcase name="testComputeAABB{Vec2, float, float, float, float, float}[1]" classname="SoftwareTestingUnitTests.TestCircleShape" time="0.005"/>
  <testcase name="testComputeAABB{Vec2, float, float, float, float, float}[2]" classname="SoftwareTestingUnitTests.TestCircleShape" time="0.001"/>
  <testcase name="testComputeMass{float, float, float, float, float, float}[1]" classname="SoftwareTestingUnitTests.TestCircleShape" time="0.007"/>
  <testcase name="testComputeMass{float, float, float, float, float, float}[2]" classname="SoftwareTestingUnitTests.TestCircleShape" time="0.001"/>
  <testcase name="testComputeMass{float, float, float, float, float, float}[3]" classname="SoftwareTestingUnitTests.TestCircleShape" time="0.001"/>
  <testcase name="testCloneProducesDistinctObjects" classname="SoftwareTestingUnitTests.TestCircleShape" time="0"/>
  <testcase name="testTestPointTransform" classname="SoftwareTestingUnitTests.TestCircleShape" time="0.001"/>
  <testcase name="testRaycast{Vec2, Vec2, float, boolean}[1]" classname="SoftwareTestingUnitTests.TestCircleShape" time="0.007"/>
  <testcase name="testRaycast{Vec2, Vec2, float, boolean}[2]" classname="SoftwareTestingUnitTests.TestCircleShape" time="0.002"/>
  <testcase name="testRaycast{Vec2, Vec2, float, boolean}[3]" classname="SoftwareTestingUnitTests.TestCircleShape" time="0.001"/>
  <testcase name="testRaycast{Vec2, Vec2, float, boolean}[4]" classname="SoftwareTestingUnitTests.TestCircleShape" time="0.001"/>
  <testcase name="testRaycast{Vec2, Vec2, float, boolean}[5]" classname="SoftwareTestingUnitTests.TestCircleShape" time="0.001"/>
  <testcase name="testRaycast{Vec2, Vec2, float, boolean}[6]" classname="SoftwareTestingUnitTests.TestCircleShape" time="0"/>
  <testcase name="testRaycast{Vec2, Vec2, float, boolean}[7]" classname="SoftwareTestingUnitTests.TestCircleShape" time="0.001"/>
  <testcase name="testRaycast{Vec2, Vec2, float, boolean}[8]" classname="SoftwareTestingUnitTests.TestCircleShape" time="0.001"/>
  <testcase name="testRaycast{Vec2, Vec2, float, boolean}[9]" classname="SoftwareTestingUnitTests.TestCircleShape" time="0.001"/>
  <testcase name="testRaycast{Vec2, Vec2, float, boolean}[10]" classname="SoftwareTestingUnitTests.TestCircleShape" time="0.001"/>
  <testcase name="testRaycast{Vec2, Vec2, float, boolean}[11]" classname="SoftwareTestingUnitTests.TestCircleShape" time="0.001">
    <failure message="expected: &lt;true&gt; but was: &lt;false&gt;" type="org.opentest4j.AssertionFailedError"><![CDATA[org.opentest4j.AssertionFailedError: expected: <true> but was: <false>
	at SoftwareTestingUnitTests.TestCircleShape.testRaycast(TestCircleShape.java:171)
]]></failure>
  </testcase>
  <testcase name="testGetSupportVertex" classname="SoftwareTestingUnitTests.TestCircleShape" time="0.001"/>
  <testcase name="testGetVertexCount" classname="SoftwareTestingUnitTests.TestCircleShape" time="0.002"/>
  <testcase name="testGetVertex{int}[1]" classname="SoftwareTestingUnitTests.TestCircleShape" time="0.004">
    <failure type="java.lang.AssertionError">java.lang.AssertionError
	at SoftwareTestingUnitTests.TestCircleShape.testGetVertex(TestCircleShape.java:83)
</failure>
  </testcase>
  <testcase name="testGetVertex{int}[2]" classname="SoftwareTestingUnitTests.TestCircleShape" time="0.001"/>
  <testcase name="testGetVertex{int}[3]" classname="SoftwareTestingUnitTests.TestCircleShape" time="0.001">
    <failure type="java.lang.AssertionError">java.lang.AssertionError
	at SoftwareTestingUnitTests.TestCircleShape.testGetVertex(TestCircleShape.java:83)
</failure>
  </testcase>
</testsuite>